
> server@3.0.0 start
> nodemon index.js

[33m[nodemon] 2.0.20[39m
[33m[nodemon] to restart at any time, enter `rs`[39m
[33m[nodemon] watching path(s): *.*[39m
[33m[nodemon] watching extensions: js,mjs,json[39m
[32m[nodemon] starting `node index.js`[39m
events.js:377
      throw er; // Unhandled 'error' event
      ^

Error: EPERM: operation not permitted, read
Emitted 'error' event on ReadStream instance at:
    at internal/fs/streams.js:173:14
    at FSReqCallback.wrapper [as oncomplete] (fs.js:562:5) {
  errno: -4048,
  code: 'EPERM',
  syscall: 'read'
}

> server@3.0.0 start
> nodemon index.js

[33m[nodemon] 2.0.20[39m
[33m[nodemon] to restart at any time, enter `rs`[39m
[33m[nodemon] watching path(s): *.*[39m
[33m[nodemon] watching extensions: js,mjs,json[39m
[32m[nodemon] starting `node index.js`[39m
events.js:377
      throw er; // Unhandled 'error' event
      ^

Error: EPERM: operation not permitted, read
Emitted 'error' event on ReadStream instance at:
    at internal/fs/streams.js:173:14
    at FSReqCallback.wrapper [as oncomplete] (fs.js:562:5) {
  errno: -4048,
  code: 'EPERM',
  syscall: 'read'
}
[33m[nodemon] 2.0.20[39m
[33m[nodemon] to restart at any time, enter `rs`[39m
[33m[nodemon] watching path(s): *.*[39m
[33m[nodemon] watching extensions: js,mjs,json[39m
[32m[nodemon] starting `node index.js`[39m
events.js:377
      throw er; // Unhandled 'error' event
      ^

Error: EPERM: operation not permitted, read
Emitted 'error' event on ReadStream instance at:
    at internal/fs/streams.js:173:14
    at FSReqCallback.wrapper [as oncomplete] (fs.js:562:5) {
  errno: -4048,
  code: 'EPERM',
  syscall: 'read'
}
